2024-12-31 17:32:24 INFO  Main - Начало скачек. Количество участников: 7
2024-12-31 17:32:34 INFO  Main - Начало скачек. Количество участников: 7
2024-12-31 17:32:55 INFO  Main - Окончание скачек. Победитель: Cherry
2024-12-31 17:33:22 DEBUG Horse - Создание Horse, имя [Bucephalus], скорость [2.4]
2024-12-31 17:33:22 DEBUG Horse - Создание Horse, имя [Ace of Spades], скорость [2.5]
2024-12-31 17:33:22 DEBUG Horse - Создание Horse, имя [Zephyr], скорость [2.6]
2024-12-31 17:33:22 DEBUG Horse - Создание Horse, имя [Blaze], скорость [2.7]
2024-12-31 17:33:22 DEBUG Horse - Создание Horse, имя [Lobster], скорость [2.8]
2024-12-31 17:33:22 DEBUG Horse - Создание Horse, имя [Pegasus], скорость [2.9]
2024-12-31 17:33:22 DEBUG Horse - Создание Horse, имя [Cherry], скорость [3.0]
2024-12-31 17:33:22 DEBUG Hippodrome - Создание Hippodrome, лошадей [7]
2024-12-31 17:33:22 INFO  Main - Начало скачек. Количество участников: 7
2024-12-31 17:33:54 DEBUG Horse - Создание Horse, имя [Bucephalus], скорость [2.4]
2024-12-31 17:33:54 DEBUG Horse - Создание Horse, имя [Ace of Spades], скорость [2.5]
2024-12-31 17:33:54 DEBUG Horse - Создание Horse, имя [Zephyr], скорость [2.6]
2024-12-31 17:33:54 DEBUG Horse - Создание Horse, имя [Blaze], скорость [2.7]
2024-12-31 17:33:54 DEBUG Horse - Создание Horse, имя [Lobster], скорость [2.8]
2024-12-31 17:33:54 DEBUG Horse - Создание Horse, имя [Pegasus], скорость [2.9]
2024-12-31 17:33:54 DEBUG Horse - Создание Horse, имя [Cherry], скорость [3.0]
2024-12-31 17:33:54 DEBUG Hippodrome - Создание Hippodrome, лошадей [7]
2024-12-31 17:33:54 INFO  Main - Начало скачек. Количество участников: 7
2024-12-31 17:34:14 INFO  Main - Окончание скачек. Победитель: Cherry
2024-12-31 17:34:43 ERROR Horse - Name is null
2024-12-31 17:34:58 DEBUG Horse - Создание Horse, имя [Bucephalus], скорость [2.4]
2024-12-31 17:34:58 DEBUG Horse - Создание Horse, имя [Ace of Spades], скорость [2.5]
2024-12-31 17:34:58 DEBUG Horse - Создание Horse, имя [Zephyr], скорость [2.6]
2024-12-31 17:34:58 DEBUG Horse - Создание Horse, имя [Blaze], скорость [2.7]
2024-12-31 17:34:58 DEBUG Horse - Создание Horse, имя [Lobster], скорость [2.8]
2024-12-31 17:34:58 DEBUG Horse - Создание Horse, имя [Pegasus], скорость [2.9]
2024-12-31 17:34:58 DEBUG Horse - Создание Horse, имя [Cherry], скорость [3.0]
2024-12-31 17:34:58 DEBUG Hippodrome - Создание Hippodrome, лошадей [7]
2024-12-31 17:34:58 INFO  Main - Начало скачек. Количество участников: 7
2024-12-31 17:35:19 INFO  Main - Окончание скачек. Победитель: Cherry
2024-12-31 17:37:09 DEBUG Horse - Создание Horse, имя [Bucephalus], скорость [2.4]
2024-12-31 17:37:09 DEBUG Horse - Создание Horse, имя [Ace of Spades], скорость [2.5]
2024-12-31 17:37:09 DEBUG Horse - Создание Horse, имя [Zephyr], скорость [2.6]
2024-12-31 17:37:09 DEBUG Horse - Создание Horse, имя [Blaze], скорость [2.7]
2024-12-31 17:37:09 DEBUG Horse - Создание Horse, имя [Lobster], скорость [2.8]
2024-12-31 17:37:09 DEBUG Horse - Создание Horse, имя [Pegasus], скорость [2.9]
2024-12-31 17:37:09 DEBUG Horse - Создание Horse, имя [Cherry], скорость [3.0]
2024-12-31 17:37:09 DEBUG Hippodrome - Создание Hippodrome, лошадей [7]
2024-12-31 17:37:09 INFO  Main - Начало скачек. Количество участников: 7
2024-12-31 17:37:18 DEBUG Horse - Создание Horse, имя [Horse_1], скорость [11.0]
2024-12-31 17:37:18 DEBUG Horse - Создание Horse, имя [Horse_2], скорость [12.0]
2024-12-31 17:37:18 DEBUG Horse - Создание Horse, имя [Horse_3], скорость [13.0]
2024-12-31 17:37:18 DEBUG Horse - Создание Horse, имя [Horse_4], скорость [14.0]
2024-12-31 17:37:18 DEBUG Horse - Создание Horse, имя [Horse_5], скорость [15.0]
2024-12-31 17:37:18 DEBUG Horse - Создание Horse, имя [Horse_6], скорость [16.0]
2024-12-31 17:37:18 DEBUG Horse - Создание Horse, имя [Horse_7], скорость [17.0]
2024-12-31 17:37:18 DEBUG Horse - Создание Horse, имя [Horse_8], скорость [18.0]
2024-12-31 17:37:18 DEBUG Horse - Создание Horse, имя [Horse_9], скорость [19.0]
2024-12-31 17:37:18 DEBUG Horse - Создание Horse, имя [Horse_10], скорость [20.0]
2024-12-31 17:37:18 DEBUG Horse - Создание Horse, имя [Horse_11], скорость [21.0]
2024-12-31 17:37:18 DEBUG Horse - Создание Horse, имя [Horse_12], скорость [22.0]
2024-12-31 17:37:18 DEBUG Horse - Создание Horse, имя [Horse_13], скорость [23.0]
2024-12-31 17:37:18 DEBUG Horse - Создание Horse, имя [Horse_14], скорость [24.0]
2024-12-31 17:37:18 DEBUG Horse - Создание Horse, имя [Horse_15], скорость [25.0]
2024-12-31 17:37:18 DEBUG Horse - Создание Horse, имя [Horse_16], скорость [26.0]
2024-12-31 17:37:18 DEBUG Horse - Создание Horse, имя [Horse_17], скорость [27.0]
2024-12-31 17:37:18 DEBUG Horse - Создание Horse, имя [Horse_18], скорость [28.0]
2024-12-31 17:37:18 DEBUG Horse - Создание Horse, имя [Horse_19], скорость [29.0]
2024-12-31 17:37:18 DEBUG Horse - Создание Horse, имя [Horse_20], скорость [30.0]
2024-12-31 17:37:18 DEBUG Horse - Создание Horse, имя [Horse_21], скорость [31.0]
2024-12-31 17:37:18 DEBUG Horse - Создание Horse, имя [Horse_22], скорость [32.0]
2024-12-31 17:37:18 DEBUG Horse - Создание Horse, имя [Horse_23], скорость [33.0]
2024-12-31 17:37:18 DEBUG Horse - Создание Horse, имя [Horse_24], скорость [34.0]
2024-12-31 17:37:18 DEBUG Horse - Создание Horse, имя [Horse_25], скорость [35.0]
2024-12-31 17:37:18 DEBUG Horse - Создание Horse, имя [Horse_26], скорость [36.0]
2024-12-31 17:37:18 DEBUG Horse - Создание Horse, имя [Horse_27], скорость [37.0]
2024-12-31 17:37:18 DEBUG Horse - Создание Horse, имя [Horse_28], скорость [38.0]
2024-12-31 17:37:18 DEBUG Horse - Создание Horse, имя [Horse_29], скорость [39.0]
2024-12-31 17:37:18 DEBUG Horse - Создание Horse, имя [Horse_30], скорость [40.0]
2024-12-31 17:37:19 DEBUG Hippodrome - Создание Hippodrome, лошадей [50]
2024-12-31 17:37:19 DEBUG Horse - Создание Horse, имя [Horse_1], скорость [11.0]
2024-12-31 17:37:19 DEBUG Horse - Создание Horse, имя [Horse_2], скорость [12.0]
2024-12-31 17:37:19 DEBUG Horse - Создание Horse, имя [Horse_3], скорость [13.0]
2024-12-31 17:37:19 DEBUG Horse - Создание Horse, имя [Horse_4], скорость [14.0]
2024-12-31 17:37:19 DEBUG Horse - Создание Horse, имя [Horse_5], скорость [15.0]
2024-12-31 17:37:19 DEBUG Horse - Создание Horse, имя [Horse_6], скорость [16.0]
2024-12-31 17:37:19 DEBUG Horse - Создание Horse, имя [Horse_7], скорость [17.0]
2024-12-31 17:37:19 DEBUG Horse - Создание Horse, имя [Horse_8], скорость [18.0]
2024-12-31 17:37:19 DEBUG Horse - Создание Horse, имя [Horse_9], скорость [19.0]
2024-12-31 17:37:19 DEBUG Horse - Создание Horse, имя [Horse_10], скорость [20.0]
2024-12-31 17:37:19 DEBUG Horse - Создание Horse, имя [Horse_11], скорость [21.0]
2024-12-31 17:37:19 DEBUG Horse - Создание Horse, имя [Horse_12], скорость [22.0]
2024-12-31 17:37:19 DEBUG Horse - Создание Horse, имя [Horse_13], скорость [23.0]
2024-12-31 17:37:19 DEBUG Horse - Создание Horse, имя [Horse_14], скорость [24.0]
2024-12-31 17:37:19 DEBUG Horse - Создание Horse, имя [Horse_15], скорость [25.0]
2024-12-31 17:37:19 DEBUG Horse - Создание Horse, имя [Horse_16], скорость [26.0]
2024-12-31 17:37:19 DEBUG Horse - Создание Horse, имя [Horse_17], скорость [27.0]
2024-12-31 17:37:19 DEBUG Horse - Создание Horse, имя [Horse_18], скорость [28.0]
2024-12-31 17:37:19 DEBUG Horse - Создание Horse, имя [Horse_19], скорость [29.0]
2024-12-31 17:37:19 DEBUG Horse - Создание Horse, имя [Horse_20], скорость [30.0]
2024-12-31 17:37:19 DEBUG Horse - Создание Horse, имя [Horse_21], скорость [31.0]
2024-12-31 17:37:19 DEBUG Horse - Создание Horse, имя [Horse_22], скорость [32.0]
2024-12-31 17:37:19 DEBUG Horse - Создание Horse, имя [Horse_23], скорость [33.0]
2024-12-31 17:37:19 DEBUG Horse - Создание Horse, имя [Horse_24], скорость [34.0]
2024-12-31 17:37:19 DEBUG Horse - Создание Horse, имя [Horse_25], скорость [35.0]
2024-12-31 17:37:19 DEBUG Horse - Создание Horse, имя [Horse_26], скорость [36.0]
2024-12-31 17:37:19 DEBUG Horse - Создание Horse, имя [Horse_27], скорость [37.0]
2024-12-31 17:37:19 DEBUG Horse - Создание Horse, имя [Horse_28], скорость [38.0]
2024-12-31 17:37:19 DEBUG Horse - Создание Horse, имя [Horse_29], скорость [39.0]
2024-12-31 17:37:19 DEBUG Horse - Создание Horse, имя [Horse_30], скорость [40.0]
2024-12-31 17:37:19 DEBUG Hippodrome - Создание Hippodrome, лошадей [30]
2024-12-31 17:37:19 DEBUG Horse - Создание Horse, имя [Horse_1], скорость [11.0]
2024-12-31 17:37:19 DEBUG Horse - Создание Horse, имя [Horse_2], скорость [12.0]
2024-12-31 17:37:19 DEBUG Horse - Создание Horse, имя [Horse_3], скорость [13.0]
2024-12-31 17:37:19 DEBUG Horse - Создание Horse, имя [Horse_4], скорость [14.0]
2024-12-31 17:37:19 DEBUG Horse - Создание Horse, имя [Horse_5], скорость [15.0]
2024-12-31 17:37:19 DEBUG Horse - Создание Horse, имя [Horse_6], скорость [16.0]
2024-12-31 17:37:19 DEBUG Horse - Создание Horse, имя [Horse_7], скорость [17.0]
2024-12-31 17:37:19 DEBUG Horse - Создание Horse, имя [Horse_8], скорость [18.0]
2024-12-31 17:37:19 DEBUG Horse - Создание Horse, имя [Horse_9], скорость [19.0]
2024-12-31 17:37:19 DEBUG Horse - Создание Horse, имя [Horse_10], скорость [20.0]
2024-12-31 17:37:19 DEBUG Horse - Создание Horse, имя [Horse_11], скорость [21.0]
2024-12-31 17:37:19 DEBUG Horse - Создание Horse, имя [Horse_12], скорость [22.0]
2024-12-31 17:37:19 DEBUG Horse - Создание Horse, имя [Horse_13], скорость [23.0]
2024-12-31 17:37:19 DEBUG Horse - Создание Horse, имя [Horse_14], скорость [24.0]
2024-12-31 17:37:19 DEBUG Horse - Создание Horse, имя [Horse_15], скорость [25.0]
2024-12-31 17:37:19 DEBUG Horse - Создание Horse, имя [Horse_16], скорость [26.0]
2024-12-31 17:37:19 DEBUG Horse - Создание Horse, имя [Horse_17], скорость [27.0]
2024-12-31 17:37:19 DEBUG Horse - Создание Horse, имя [Horse_18], скорость [28.0]
2024-12-31 17:37:19 DEBUG Horse - Создание Horse, имя [Horse_19], скорость [29.0]
2024-12-31 17:37:19 DEBUG Horse - Создание Horse, имя [Horse_20], скорость [30.0]
2024-12-31 17:37:19 DEBUG Horse - Создание Horse, имя [Horse_21], скорость [31.0]
2024-12-31 17:37:19 DEBUG Horse - Создание Horse, имя [Horse_22], скорость [32.0]
2024-12-31 17:37:19 DEBUG Horse - Создание Horse, имя [Horse_23], скорость [33.0]
2024-12-31 17:37:19 DEBUG Horse - Создание Horse, имя [Horse_24], скорость [34.0]
2024-12-31 17:37:19 DEBUG Horse - Создание Horse, имя [Horse_25], скорость [35.0]
2024-12-31 17:37:19 DEBUG Horse - Создание Horse, имя [Horse_26], скорость [36.0]
2024-12-31 17:37:19 DEBUG Horse - Создание Horse, имя [Horse_27], скорость [37.0]
2024-12-31 17:37:19 DEBUG Horse - Создание Horse, имя [Horse_28], скорость [38.0]
2024-12-31 17:37:19 DEBUG Horse - Создание Horse, имя [Horse_29], скорость [39.0]
2024-12-31 17:37:19 DEBUG Horse - Создание Horse, имя [Horse_30], скорость [40.0]
2024-12-31 17:37:19 ERROR Hippodrome - Horses list is null
2024-12-31 17:37:19 ERROR Hippodrome - Horses list is null
2024-12-31 17:37:19 ERROR Hippodrome - Horses list is empty
2024-12-31 17:37:19 ERROR Hippodrome - Horses list is empty
2024-12-31 17:37:19 DEBUG Horse - Создание Horse, имя [Horse_1], скорость [11.0]
2024-12-31 17:37:19 DEBUG Horse - Создание Horse, имя [Horse_2], скорость [12.0]
2024-12-31 17:37:19 DEBUG Horse - Создание Horse, имя [Horse_3], скорость [13.0]
2024-12-31 17:37:19 DEBUG Horse - Создание Horse, имя [Horse_4], скорость [14.0]
2024-12-31 17:37:19 DEBUG Horse - Создание Horse, имя [Horse_5], скорость [15.0]
2024-12-31 17:37:19 DEBUG Horse - Создание Horse, имя [Horse_6], скорость [16.0]
2024-12-31 17:37:19 DEBUG Horse - Создание Horse, имя [Horse_7], скорость [17.0]
2024-12-31 17:37:19 DEBUG Horse - Создание Horse, имя [Horse_8], скорость [18.0]
2024-12-31 17:37:19 DEBUG Horse - Создание Horse, имя [Horse_9], скорость [19.0]
2024-12-31 17:37:19 DEBUG Horse - Создание Horse, имя [Horse_10], скорость [20.0]
2024-12-31 17:37:19 DEBUG Horse - Создание Horse, имя [Horse_11], скорость [21.0]
2024-12-31 17:37:19 DEBUG Horse - Создание Horse, имя [Horse_12], скорость [22.0]
2024-12-31 17:37:19 DEBUG Horse - Создание Horse, имя [Horse_13], скорость [23.0]
2024-12-31 17:37:19 DEBUG Horse - Создание Horse, имя [Horse_14], скорость [24.0]
2024-12-31 17:37:19 DEBUG Horse - Создание Horse, имя [Horse_15], скорость [25.0]
2024-12-31 17:37:19 DEBUG Horse - Создание Horse, имя [Horse_16], скорость [26.0]
2024-12-31 17:37:19 DEBUG Horse - Создание Horse, имя [Horse_17], скорость [27.0]
2024-12-31 17:37:19 DEBUG Horse - Создание Horse, имя [Horse_18], скорость [28.0]
2024-12-31 17:37:19 DEBUG Horse - Создание Horse, имя [Horse_19], скорость [29.0]
2024-12-31 17:37:19 DEBUG Horse - Создание Horse, имя [Horse_20], скорость [30.0]
2024-12-31 17:37:19 DEBUG Horse - Создание Horse, имя [Horse_21], скорость [31.0]
2024-12-31 17:37:19 DEBUG Horse - Создание Horse, имя [Horse_22], скорость [32.0]
2024-12-31 17:37:19 DEBUG Horse - Создание Horse, имя [Horse_23], скорость [33.0]
2024-12-31 17:37:19 DEBUG Horse - Создание Horse, имя [Horse_24], скорость [34.0]
2024-12-31 17:37:19 DEBUG Horse - Создание Horse, имя [Horse_25], скорость [35.0]
2024-12-31 17:37:19 DEBUG Horse - Создание Horse, имя [Horse_26], скорость [36.0]
2024-12-31 17:37:19 DEBUG Horse - Создание Horse, имя [Horse_27], скорость [37.0]
2024-12-31 17:37:19 DEBUG Horse - Создание Horse, имя [Horse_28], скорость [38.0]
2024-12-31 17:37:19 DEBUG Horse - Создание Horse, имя [Horse_29], скорость [39.0]
2024-12-31 17:37:19 DEBUG Horse - Создание Horse, имя [Horse_30], скорость [40.0]
2024-12-31 17:37:20 DEBUG Hippodrome - Создание Hippodrome, лошадей [30]
2024-12-31 17:37:32 DEBUG Horse - Создание Horse, имя [Vasiok], скорость [2.0]
2024-12-31 17:37:32 ERROR Horse - Name is null
2024-12-31 17:37:32 ERROR Horse - Name is null
2024-12-31 17:37:32 DEBUG Horse - Создание Horse, имя [Vasiok], скорость [2.0]
2024-12-31 17:37:32 ERROR Horse - Name is blank
2024-12-31 17:37:32 ERROR Horse - Name is blank
2024-12-31 17:37:32 DEBUG Horse - Создание Horse, имя [Vasiok], скорость [2.0]
2024-12-31 17:37:32 ERROR Horse - Speed is negative
2024-12-31 17:37:32 ERROR Horse - Speed is negative
2024-12-31 17:37:32 DEBUG Horse - Создание Horse, имя [Vasiok], скорость [2.0]
2024-12-31 17:37:32 ERROR Horse - Distance is negative
2024-12-31 17:37:32 ERROR Horse - Distance is negative
2024-12-31 17:37:32 DEBUG Horse - Создание Horse, имя [Vasiok], скорость [2.0]
2024-12-31 17:37:32 DEBUG Horse - Создание Horse, имя [Vasiok], скорость [2.0]
2024-12-31 17:37:32 DEBUG Horse - Создание Horse, имя [Vasiok], скорость [2.0]
2024-12-31 17:37:32 DEBUG Horse - Создание Horse, имя [Vasiok], скорость [2.0]
2024-12-31 17:37:32 DEBUG Horse - Создание Horse, имя [Vasiok], скорость [2.0]
2024-12-31 17:37:32 DEBUG Horse - Создание Horse, имя [Vasiok], скорость [2.0]
2024-12-31 17:37:32 DEBUG Horse - Создание Horse, имя [Vasiok], скорость [10.0]
